task02_view/build/intermediates/manifest_merge_blame_file/debug/manifest-merger-blame-debug-report.txt
1<?xml version="1.0" encoding="utf-8"?>
2<manifest xmlns:android="http://schemas.android.com/apk/res/android"
3    package="com.gmail.task02_view"
4    android:versionCode="1"
5    android:versionName="1.0" >
6
7    <uses-sdk
8        android:minSdkVersion="15"
8-->src\main\AndroidManifest.xml
9        android:targetSdkVersion="29" />
9-->src\main\AndroidManifest.xml
10
11    <uses-permission android:name="android.permission.INTERNET" />
11-->src\main\AndroidManifest.xml:6:5-67
11-->src\main\AndroidManifest.xml:6:22-64
12
13    <application
13-->src\main\AndroidManifest.xml:8:5-41:19
14        android:allowBackup="true"
14-->src\main\AndroidManifest.xml:9:9-35
15        android:appComponentFactory="androidx.core.app.CoreComponentFactory"
15-->[androidx.core:core:1.1.0] AndroidManifest.xml:24:18-86
16        android:debuggable="true"
17        android:icon="@mipmap/ic_launcher"
17-->src\main\AndroidManifest.xml:10:9-43
18        android:label="@string/app_name"
18-->src\main\AndroidManifest.xml:11:9-41
19        android:roundIcon="@mipmap/ic_launcher_round"
19-->src\main\AndroidManifest.xml:12:9-54
20        android:supportsRtl="true"
20-->src\main\AndroidManifest.xml:13:9-35
21        android:testOnly="true"
22        android:theme="@style/AppTheme" >
22-->src\main\AndroidManifest.xml:14:9-40
23        <activity android:name="com.gmail.task02_view.MainActivity" >
23-->src\main\AndroidManifest.xml:17:9-23:20
23-->src\main\AndroidManifest.xml:17:19-47
24            <intent-filter>
24-->src\main\AndroidManifest.xml:18:13-22:29
25                <action android:name="android.intent.action.MAIN" />
25-->src\main\AndroidManifest.xml:19:17-69
25-->src\main\AndroidManifest.xml:19:25-66
26
27                <category android:name="android.intent.category.LAUNCHER" />
27-->src\main\AndroidManifest.xml:21:17-77
27-->src\main\AndroidManifest.xml:21:27-74
28            </intent-filter>
29        </activity>
30        <activity android:name="com.gmail.task02_view.PhoneBookMainActivity" >
30-->src\main\AndroidManifest.xml:25:9-34:20
30-->src\main\AndroidManifest.xml:25:19-56
31
32            <!-- android:configChanges="orientation|screenSize"/> -->
33            <meta-data
33-->src\main\AndroidManifest.xml:27:13-29:54
34                android:name="android.app.searchable"
34-->src\main\AndroidManifest.xml:28:17-54
35                android:resource="@xml/searchable" />
35-->src\main\AndroidManifest.xml:29:17-51
36
37            <intent-filter>
37-->src\main\AndroidManifest.xml:31:13-33:29
38                <action android:name="android.intent.action.SEARCH" />
38-->src\main\AndroidManifest.xml:32:17-71
38-->src\main\AndroidManifest.xml:32:25-68
39            </intent-filter>
40        </activity>
41        <activity android:name="com.gmail.task02_view.PhoneBookAddContactActivity" />
41-->src\main\AndroidManifest.xml:36:9-64
41-->src\main\AndroidManifest.xml:36:19-62
42        <activity android:name="com.gmail.task02_view.PhoneBookEditContactActivity" />
42-->src\main\AndroidManifest.xml:37:9-65
42-->src\main\AndroidManifest.xml:37:19-63
43        <activity android:name="com.gmail.task02_view.CustomViewActivity" />
43-->src\main\AndroidManifest.xml:38:9-55
43-->src\main\AndroidManifest.xml:38:19-53
44        <activity android:name="com.gmail.task02_view.WebPageActivity" />
44-->src\main\AndroidManifest.xml:39:9-52
44-->src\main\AndroidManifest.xml:39:19-50
45    </application>
46
47</manifest>